# JRE version: OpenJDK Runtime Environment (21.0.10) (build 21.0.10+-14961533-b1163.108)
# Java VM: OpenJDK 64-Bit Server VM (21.0.10+-14961533-b1163.108, mixed mode, tiered, compressed oops, compressed class ptrs, g1 gc, windows-amd64)
GC Precious Log:
 CardTable entry size: 512
 Card Set container configuration: InlinePtr #cards 4 size 8 Array Of Cards #cards 16 size 48 Howl #buckets 8 coarsen threshold 3686 Howl Bitmap #cards 512 size 80 coarsen threshold 460 Card regions per heap region 1 cards per card region 4096
 CPUs: 8 total, 8 available
 Memory: 16270M
 Large Page Support: Disabled
 NUMA Support: Disabled
 Compressed Oops: Enabled (Zero based)
 Heap Region Size: 2M
 Heap Min Capacity: 8M
 Heap Initial Capacity: 256M
 Heap Max Capacity: 4068M
 Pre-touch: Disabled
 Parallel Workers: 8
 Concurrent Workers: 2
 Concurrent Refinement Workers: 8
 Periodic GC: Disabled
Heap:
 garbage-first heap   total 276480K, used 173723K [0x0000000701c00000, 0x0000000800000000)
  region size 2048K, 7 young (14336K), 2 survivors (4096K)
 Metaspace       used 89507K, committed 90304K, reserved 1179648K
  class space    used 9490K, committed 9856K, reserved 1048576K
GC Heap History (20 events):
Event: 19.143 GC heap before
{Heap before GC invocations=32 (full 0):
 garbage-first heap   total 178176K, used 160798K [0x0000000701c00000, 0x0000000800000000)
  region size 2048K, 29 young (59392K), 2 survivors (4096K)
 Metaspace       used 65136K, committed 65792K, reserved 1114112K
  class space    used 7244K, committed 7552K, reserved 1048576K
}
Event: 19.154 GC heap after
{Heap after GC invocations=33 (full 0):
 garbage-first heap   total 178176K, used 111085K [0x0000000701c00000, 0x0000000800000000)
  region size 2048K, 4 young (8192K), 4 survivors (8192K)
 Metaspace       used 65136K, committed 65792K, reserved 1114112K
  class space    used 7244K, committed 7552K, reserved 1048576K
}
Event: 20.685 GC heap before
{Heap before GC invocations=34 (full 0):
 garbage-first heap   total 188416K, used 162285K [0x0000000701c00000, 0x0000000800000000)
  region size 2048K, 29 young (59392K), 4 survivors (8192K)
 Metaspace       used 65439K, committed 66112K, reserved 1114112K
  class space    used 7270K, committed 7616K, reserved 1048576K
}
Event: 20.703 GC heap after
{Heap after GC invocations=35 (full 0):
 garbage-first heap   total 188416K, used 116445K [0x0000000701c00000, 0x0000000800000000)
  region size 2048K, 3 young (6144K), 3 survivors (6144K)
 Metaspace       used 65439K, committed 66112K, reserved 1114112K
  class space    used 7270K, committed 7616K, reserved 1048576K
}
Event: 21.933 GC heap before
{Heap before GC invocations=35 (full 0):
 garbage-first heap   total 188416K, used 171741K [0x0000000701c00000, 0x0000000800000000)
  region size 2048K, 30 young (61440K), 3 survivors (6144K)
 Metaspace       used 65599K, committed 66304K, reserved 1114112K
  class space    used 7271K, committed 7616K, reserved 1048576K
}
Event: 21.947 GC heap after
{Heap after GC invocations=36 (full 0):
 garbage-first heap   total 188416K, used 118784K [0x0000000701c00000, 0x0000000800000000)
  region size 2048K, 4 young (8192K), 4 survivors (8192K)
 Metaspace       used 65599K, committed 66304K, reserved 1114112K
  class space    used 7271K, committed 7616K, reserved 1048576K
}
Event: 23.355 GC heap before
{Heap before GC invocations=36 (full 0):
 garbage-first heap   total 188416K, used 174080K [0x0000000701c00000, 0x0000000800000000)
  region size 2048K, 31 young (63488K), 4 survivors (8192K)
 Metaspace       used 65761K, committed 66432K, reserved 1114112K
  class space    used 7272K, committed 7616K, reserved 1048576K
}
Event: 23.374 GC heap after
{Heap after GC invocations=37 (full 0):
 garbage-first heap   total 229376K, used 123595K [0x0000000701c00000, 0x0000000800000000)
  region size 2048K, 3 young (6144K), 3 survivors (6144K)
 Metaspace       used 65761K, committed 66432K, reserved 1114112K
  class space    used 7272K, committed 7616K, reserved 1048576K
}
Event: 25.062 GC heap before
{Heap before GC invocations=38 (full 0):
 garbage-first heap   total 229376K, used 205515K [0x0000000701c00000, 0x0000000800000000)
  region size 2048K, 43 young (88064K), 3 survivors (6144K)
 Metaspace       used 67220K, committed 67904K, reserved 1114112K
  class space    used 7412K, committed 7744K, reserved 1048576K
}
Event: 25.074 GC heap after
{Heap after GC invocations=39 (full 0):
 garbage-first heap   total 229376K, used 128800K [0x0000000701c00000, 0x0000000800000000)
  region size 2048K, 5 young (10240K), 5 survivors (10240K)
 Metaspace       used 67220K, committed 67904K, reserved 1114112K
  class space    used 7412K, committed 7744K, reserved 1048576K
}
Event: 26.071 GC heap before
{Heap before GC invocations=39 (full 0):
 garbage-first heap   total 229376K, used 206624K [0x0000000701c00000, 0x0000000800000000)
  region size 2048K, 43 young (88064K), 5 survivors (10240K)
 Metaspace       used 68119K, committed 68736K, reserved 1114112K
  class space    used 7450K, committed 7744K, reserved 1048576K
}
Event: 26.086 GC heap after
{Heap after GC invocations=40 (full 0):
 garbage-first heap   total 229376K, used 129537K [0x0000000701c00000, 0x0000000800000000)
  region size 2048K, 4 young (8192K), 4 survivors (8192K)
 Metaspace       used 68119K, committed 68736K, reserved 1114112K
  class space    used 7450K, committed 7744K, reserved 1048576K
}
Event: 28.555 GC heap before
{Heap before GC invocations=40 (full 0):
 garbage-first heap   total 229376K, used 211457K [0x0000000701c00000, 0x0000000800000000)
  region size 2048K, 44 young (90112K), 4 survivors (8192K)
 Metaspace       used 76004K, committed 76800K, reserved 1179648K
  class space    used 8216K, committed 8640K, reserved 1048576K
}
Event: 28.579 GC heap after
{Heap after GC invocations=41 (full 0):
 garbage-first heap   total 231424K, used 139614K [0x0000000701c00000, 0x0000000800000000)
  region size 2048K, 6 young (12288K), 6 survivors (12288K)
 Metaspace       used 76004K, committed 76800K, reserved 1179648K
  class space    used 8216K, committed 8640K, reserved 1048576K
}
Event: 30.118 GC heap before
{Heap before GC invocations=42 (full 0):
 garbage-first heap   total 235520K, used 211294K [0x0000000701c00000, 0x0000000800000000)
  region size 2048K, 41 young (83968K), 6 survivors (12288K)
 Metaspace       used 78394K, committed 79168K, reserved 1179648K
  class space    used 8456K, committed 8832K, reserved 1048576K
}
Event: 30.152 GC heap after
{Heap after GC invocations=43 (full 0):
 garbage-first heap   total 237568K, used 151552K [0x0000000701c00000, 0x0000000800000000)
  region size 2048K, 6 young (12288K), 6 survivors (12288K)
 Metaspace       used 78394K, committed 79168K, reserved 1179648K
  class space    used 8456K, committed 8832K, reserved 1048576K
}
Event: 32.295 GC heap before
{Heap before GC invocations=43 (full 0):
 garbage-first heap   total 237568K, used 212992K [0x0000000701c00000, 0x0000000800000000)
  region size 2048K, 36 young (73728K), 6 survivors (12288K)
 Metaspace       used 80327K, committed 81216K, reserved 1179648K
  class space    used 8673K, committed 9088K, reserved 1048576K
}
Event: 32.334 GC heap after
{Heap after GC invocations=44 (full 0):
 garbage-first heap   total 241664K, used 162646K [0x0000000701c00000, 0x0000000800000000)
  region size 2048K, 5 young (10240K), 5 survivors (10240K)
 Metaspace       used 80327K, committed 81216K, reserved 1179648K
  class space    used 8673K, committed 9088K, reserved 1048576K
}
Event: 33.942 GC heap before
{Heap before GC invocations=44 (full 0):
 garbage-first heap   total 241664K, used 215894K [0x0000000701c00000, 0x0000000800000000)
  region size 2048K, 31 young (63488K), 5 survivors (10240K)
 Metaspace       used 88473K, committed 89280K, reserved 1179648K
  class space    used 9415K, committed 9792K, reserved 1048576K
}
Event: 33.960 GC heap after
{Heap after GC invocations=45 (full 0):
 garbage-first heap   total 241664K, used 167579K [0x0000000701c00000, 0x0000000800000000)
  region size 2048K, 2 young (4096K), 2 survivors (4096K)
 Metaspace       used 88473K, committed 89280K, reserved 1179648K
  class space    used 9415K, committed 9792K, reserved 1048576K
}

